21-Apr-2024 18:31:15.829 INFO [main] org.apache.catalina.startup.VersionLoggerListener.log Server version name:   Apache Tomcat/10.1.20
21-Apr-2024 18:31:15.829 INFO [main] org.apache.catalina.startup.VersionLoggerListener.log Server built:          Mar 19 2024 12:49:58 UTC
21-Apr-2024 18:31:15.829 INFO [main] org.apache.catalina.startup.VersionLoggerListener.log Server version number: 10.1.20.0
21-Apr-2024 18:31:15.829 INFO [main] org.apache.catalina.startup.VersionLoggerListener.log OS Name:               Windows 11
21-Apr-2024 18:31:15.829 INFO [main] org.apache.catalina.startup.VersionLoggerListener.log OS Version:            10.0
21-Apr-2024 18:31:15.829 INFO [main] org.apache.catalina.startup.VersionLoggerListener.log Architecture:          amd64
21-Apr-2024 18:31:15.829 INFO [main] org.apache.catalina.startup.VersionLoggerListener.log Java Home:             C:\Users\MewMew\.jdks\openjdk-22
21-Apr-2024 18:31:15.829 INFO [main] org.apache.catalina.startup.VersionLoggerListener.log JVM Version:           22+36-2370
21-Apr-2024 18:31:15.829 INFO [main] org.apache.catalina.startup.VersionLoggerListener.log JVM Vendor:            Oracle Corporation
21-Apr-2024 18:31:15.829 INFO [main] org.apache.catalina.startup.VersionLoggerListener.log CATALINA_BASE:         C:\Users\MewMew\Software\Facilities\apache-tomcat-10.1.20-windows-x64\apache-tomcat-10.1.20
21-Apr-2024 18:31:15.829 INFO [main] org.apache.catalina.startup.VersionLoggerListener.log CATALINA_HOME:         C:\Users\MewMew\Software\Facilities\apache-tomcat-10.1.20-windows-x64\apache-tomcat-10.1.20
21-Apr-2024 18:31:15.844 INFO [main] org.apache.catalina.startup.VersionLoggerListener.log Command line argument: -Djava.util.logging.config.file=C:\Users\MewMew\Software\Facilities\apache-tomcat-10.1.20-windows-x64\apache-tomcat-10.1.20\conf\logging.properties
21-Apr-2024 18:31:15.844 INFO [main] org.apache.catalina.startup.VersionLoggerListener.log Command line argument: -Djava.util.logging.manager=org.apache.juli.ClassLoaderLogManager
21-Apr-2024 18:31:15.844 INFO [main] org.apache.catalina.startup.VersionLoggerListener.log Command line argument: -Djdk.tls.ephemeralDHKeySize=2048
21-Apr-2024 18:31:15.844 INFO [main] org.apache.catalina.startup.VersionLoggerListener.log Command line argument: -Djava.protocol.handler.pkgs=org.apache.catalina.webresources
21-Apr-2024 18:31:15.844 INFO [main] org.apache.catalina.startup.VersionLoggerListener.log Command line argument: --add-opens=java.base/java.lang=ALL-UNNAMED
21-Apr-2024 18:31:15.844 INFO [main] org.apache.catalina.startup.VersionLoggerListener.log Command line argument: --add-opens=java.base/java.io=ALL-UNNAMED
21-Apr-2024 18:31:15.844 INFO [main] org.apache.catalina.startup.VersionLoggerListener.log Command line argument: --add-opens=java.base/java.util=ALL-UNNAMED
21-Apr-2024 18:31:15.844 INFO [main] org.apache.catalina.startup.VersionLoggerListener.log Command line argument: --add-opens=java.base/java.util.concurrent=ALL-UNNAMED
21-Apr-2024 18:31:15.844 INFO [main] org.apache.catalina.startup.VersionLoggerListener.log Command line argument: --add-opens=java.rmi/sun.rmi.transport=ALL-UNNAMED
21-Apr-2024 18:31:15.844 INFO [main] org.apache.catalina.startup.VersionLoggerListener.log Command line argument: -Dcatalina.base=C:\Users\MewMew\Software\Facilities\apache-tomcat-10.1.20-windows-x64\apache-tomcat-10.1.20
21-Apr-2024 18:31:15.844 INFO [main] org.apache.catalina.startup.VersionLoggerListener.log Command line argument: -Dcatalina.home=C:\Users\MewMew\Software\Facilities\apache-tomcat-10.1.20-windows-x64\apache-tomcat-10.1.20
21-Apr-2024 18:31:15.844 INFO [main] org.apache.catalina.startup.VersionLoggerListener.log Command line argument: -Djava.io.tmpdir=C:\Users\MewMew\Software\Facilities\apache-tomcat-10.1.20-windows-x64\apache-tomcat-10.1.20\temp
21-Apr-2024 18:31:15.875 INFO [main] org.apache.catalina.core.AprLifecycleListener.lifecycleEvent Loaded Apache Tomcat Native library [2.0.7] using APR version [1.7.4].
21-Apr-2024 18:31:15.875 INFO [main] org.apache.catalina.core.AprLifecycleListener.initializeSSL OpenSSL successfully initialized [OpenSSL 3.0.13 30 Jan 2024]
21-Apr-2024 18:31:16.125 INFO [main] org.apache.coyote.AbstractProtocol.init Initializing ProtocolHandler ["http-nio-8080"]
21-Apr-2024 18:31:16.141 INFO [main] org.apache.catalina.startup.Catalina.load Server initialization in [499] milliseconds
21-Apr-2024 18:31:16.219 INFO [main] org.apache.catalina.core.StandardService.startInternal Starting service [Catalina]
21-Apr-2024 18:31:16.219 INFO [main] org.apache.catalina.core.StandardEngine.startInternal Starting Servlet engine: [Apache Tomcat/10.1.20]
21-Apr-2024 18:31:16.234 INFO [main] org.apache.catalina.startup.HostConfig.deployDirectory Deploying web application directory [C:\Users\MewMew\Software\Facilities\apache-tomcat-10.1.20-windows-x64\apache-tomcat-10.1.20\webapps\docs]
21-Apr-2024 18:31:16.547 INFO [main] org.apache.catalina.startup.HostConfig.deployDirectory Deployment of web application directory [C:\Users\MewMew\Software\Facilities\apache-tomcat-10.1.20-windows-x64\apache-tomcat-10.1.20\webapps\docs] has finished in [313] ms
21-Apr-2024 18:31:16.547 INFO [main] org.apache.catalina.startup.HostConfig.deployDirectory Deploying web application directory [C:\Users\MewMew\Software\Facilities\apache-tomcat-10.1.20-windows-x64\apache-tomcat-10.1.20\webapps\examples]
21-Apr-2024 18:31:17.453 INFO [main] org.apache.catalina.startup.HostConfig.deployDirectory Deployment of web application directory [C:\Users\MewMew\Software\Facilities\apache-tomcat-10.1.20-windows-x64\apache-tomcat-10.1.20\webapps\examples] has finished in [906] ms
21-Apr-2024 18:31:17.453 INFO [main] org.apache.catalina.startup.HostConfig.deployDirectory Deploying web application directory [C:\Users\MewMew\Software\Facilities\apache-tomcat-10.1.20-windows-x64\apache-tomcat-10.1.20\webapps\host-manager]
21-Apr-2024 18:31:17.500 INFO [main] org.apache.catalina.startup.HostConfig.deployDirectory Deployment of web application directory [C:\Users\MewMew\Software\Facilities\apache-tomcat-10.1.20-windows-x64\apache-tomcat-10.1.20\webapps\host-manager] has finished in [47] ms
21-Apr-2024 18:31:17.500 INFO [main] org.apache.catalina.startup.HostConfig.deployDirectory Deploying web application directory [C:\Users\MewMew\Software\Facilities\apache-tomcat-10.1.20-windows-x64\apache-tomcat-10.1.20\webapps\manager]
21-Apr-2024 18:31:17.547 INFO [main] org.apache.catalina.startup.HostConfig.deployDirectory Deployment of web application directory [C:\Users\MewMew\Software\Facilities\apache-tomcat-10.1.20-windows-x64\apache-tomcat-10.1.20\webapps\manager] has finished in [47] ms
21-Apr-2024 18:31:17.547 INFO [main] org.apache.catalina.startup.HostConfig.deployDirectory Deploying web application directory [C:\Users\MewMew\Software\Facilities\apache-tomcat-10.1.20-windows-x64\apache-tomcat-10.1.20\webapps\ROOT]
21-Apr-2024 18:31:17.578 INFO [main] org.apache.catalina.startup.HostConfig.deployDirectory Deployment of web application directory [C:\Users\MewMew\Software\Facilities\apache-tomcat-10.1.20-windows-x64\apache-tomcat-10.1.20\webapps\ROOT] has finished in [31] ms
21-Apr-2024 18:31:17.578 INFO [main] org.apache.coyote.AbstractProtocol.start Starting ProtocolHandler ["http-nio-8080"]
21-Apr-2024 18:31:17.610 INFO [main] org.apache.catalina.startup.Catalina.start Server startup in [1462] milliseconds
21-Apr-2024 18:33:18.659 INFO [main] org.apache.catalina.core.StandardServer.await A valid shutdown command was received via the shutdown port. Stopping the Server instance.
21-Apr-2024 18:33:18.660 INFO [main] org.apache.coyote.AbstractProtocol.pause Pausing ProtocolHandler ["http-nio-8080"]
21-Apr-2024 18:33:18.660 INFO [main] org.apache.catalina.core.StandardService.stopInternal Stopping service [Catalina]
21-Apr-2024 18:33:18.686 INFO [main] org.apache.coyote.AbstractProtocol.stop Stopping ProtocolHandler ["http-nio-8080"]
21-Apr-2024 18:33:18.704 INFO [main] org.apache.coyote.AbstractProtocol.destroy Destroying ProtocolHandler ["http-nio-8080"]
21-Apr-2024 18:38:30.183 INFO [main] org.apache.catalina.startup.VersionLoggerListener.log Server version name:   Apache Tomcat/10.1.20
21-Apr-2024 18:38:30.183 INFO [main] org.apache.catalina.startup.VersionLoggerListener.log Server built:          Mar 19 2024 12:49:58 UTC
21-Apr-2024 18:38:30.183 INFO [main] org.apache.catalina.startup.VersionLoggerListener.log Server version number: 10.1.20.0
21-Apr-2024 18:38:30.183 INFO [main] org.apache.catalina.startup.VersionLoggerListener.log OS Name:               Windows 11
21-Apr-2024 18:38:30.183 INFO [main] org.apache.catalina.startup.VersionLoggerListener.log OS Version:            10.0
21-Apr-2024 18:38:30.183 INFO [main] org.apache.catalina.startup.VersionLoggerListener.log Architecture:          amd64
21-Apr-2024 18:38:30.183 INFO [main] org.apache.catalina.startup.VersionLoggerListener.log Java Home:             C:\Users\MewMew\.jdks\openjdk-22
21-Apr-2024 18:38:30.183 INFO [main] org.apache.catalina.startup.VersionLoggerListener.log JVM Version:           22+36-2370
21-Apr-2024 18:38:30.183 INFO [main] org.apache.catalina.startup.VersionLoggerListener.log JVM Vendor:            Oracle Corporation
21-Apr-2024 18:38:30.183 INFO [main] org.apache.catalina.startup.VersionLoggerListener.log CATALINA_BASE:         C:\Users\MewMew\Software\Facilities\apache-tomcat-10.1.20-windows-x64\apache-tomcat-10.1.20
21-Apr-2024 18:38:30.183 INFO [main] org.apache.catalina.startup.VersionLoggerListener.log CATALINA_HOME:         C:\Users\MewMew\Software\Facilities\apache-tomcat-10.1.20-windows-x64\apache-tomcat-10.1.20
21-Apr-2024 18:38:30.200 INFO [main] org.apache.catalina.startup.VersionLoggerListener.log Command line argument: -Djava.util.logging.config.file=C:\Users\MewMew\Software\Facilities\apache-tomcat-10.1.20-windows-x64\apache-tomcat-10.1.20\conf\logging.properties
21-Apr-2024 18:38:30.200 INFO [main] org.apache.catalina.startup.VersionLoggerListener.log Command line argument: -Djava.util.logging.manager=org.apache.juli.ClassLoaderLogManager
21-Apr-2024 18:38:30.200 INFO [main] org.apache.catalina.startup.VersionLoggerListener.log Command line argument: -Djdk.tls.ephemeralDHKeySize=2048
21-Apr-2024 18:38:30.200 INFO [main] org.apache.catalina.startup.VersionLoggerListener.log Command line argument: -Djava.protocol.handler.pkgs=org.apache.catalina.webresources
21-Apr-2024 18:38:30.200 INFO [main] org.apache.catalina.startup.VersionLoggerListener.log Command line argument: --add-opens=java.base/java.lang=ALL-UNNAMED
21-Apr-2024 18:38:30.200 INFO [main] org.apache.catalina.startup.VersionLoggerListener.log Command line argument: --add-opens=java.base/java.io=ALL-UNNAMED
21-Apr-2024 18:38:30.200 INFO [main] org.apache.catalina.startup.VersionLoggerListener.log Command line argument: --add-opens=java.base/java.util=ALL-UNNAMED
21-Apr-2024 18:38:30.200 INFO [main] org.apache.catalina.startup.VersionLoggerListener.log Command line argument: --add-opens=java.base/java.util.concurrent=ALL-UNNAMED
21-Apr-2024 18:38:30.200 INFO [main] org.apache.catalina.startup.VersionLoggerListener.log Command line argument: --add-opens=java.rmi/sun.rmi.transport=ALL-UNNAMED
21-Apr-2024 18:38:30.200 INFO [main] org.apache.catalina.startup.VersionLoggerListener.log Command line argument: -Dcatalina.base=C:\Users\MewMew\Software\Facilities\apache-tomcat-10.1.20-windows-x64\apache-tomcat-10.1.20
21-Apr-2024 18:38:30.200 INFO [main] org.apache.catalina.startup.VersionLoggerListener.log Command line argument: -Dcatalina.home=C:\Users\MewMew\Software\Facilities\apache-tomcat-10.1.20-windows-x64\apache-tomcat-10.1.20
21-Apr-2024 18:38:30.200 INFO [main] org.apache.catalina.startup.VersionLoggerListener.log Command line argument: -Djava.io.tmpdir=C:\Users\MewMew\Software\Facilities\apache-tomcat-10.1.20-windows-x64\apache-tomcat-10.1.20\temp
21-Apr-2024 18:38:30.200 INFO [main] org.apache.catalina.core.AprLifecycleListener.lifecycleEvent Loaded Apache Tomcat Native library [2.0.7] using APR version [1.7.4].
21-Apr-2024 18:38:30.215 INFO [main] org.apache.catalina.core.AprLifecycleListener.initializeSSL OpenSSL successfully initialized [OpenSSL 3.0.13 30 Jan 2024]
21-Apr-2024 18:38:30.433 INFO [main] org.apache.coyote.AbstractProtocol.init Initializing ProtocolHandler ["http-nio-80"]
21-Apr-2024 18:38:30.467 INFO [main] org.apache.catalina.startup.Catalina.load Server initialization in [440] milliseconds
21-Apr-2024 18:38:30.538 INFO [main] org.apache.catalina.core.StandardService.startInternal Starting service [Catalina]
21-Apr-2024 18:38:30.538 INFO [main] org.apache.catalina.core.StandardEngine.startInternal Starting Servlet engine: [Apache Tomcat/10.1.20]
21-Apr-2024 18:38:30.538 INFO [main] org.apache.catalina.startup.HostConfig.deployDirectory Deploying web application directory [C:\Users\MewMew\Software\Facilities\apache-tomcat-10.1.20-windows-x64\apache-tomcat-10.1.20\webapps\docs]
21-Apr-2024 18:38:30.837 INFO [main] org.apache.catalina.startup.HostConfig.deployDirectory Deployment of web application directory [C:\Users\MewMew\Software\Facilities\apache-tomcat-10.1.20-windows-x64\apache-tomcat-10.1.20\webapps\docs] has finished in [299] ms
21-Apr-2024 18:38:30.837 INFO [main] org.apache.catalina.startup.HostConfig.deployDirectory Deploying web application directory [C:\Users\MewMew\Software\Facilities\apache-tomcat-10.1.20-windows-x64\apache-tomcat-10.1.20\webapps\examples]
21-Apr-2024 18:38:31.150 INFO [main] org.apache.catalina.startup.HostConfig.deployDirectory Deployment of web application directory [C:\Users\MewMew\Software\Facilities\apache-tomcat-10.1.20-windows-x64\apache-tomcat-10.1.20\webapps\examples] has finished in [313] ms
21-Apr-2024 18:38:31.150 INFO [main] org.apache.catalina.startup.HostConfig.deployDirectory Deploying web application directory [C:\Users\MewMew\Software\Facilities\apache-tomcat-10.1.20-windows-x64\apache-tomcat-10.1.20\webapps\host-manager]
21-Apr-2024 18:38:31.194 INFO [main] org.apache.catalina.startup.HostConfig.deployDirectory Deployment of web application directory [C:\Users\MewMew\Software\Facilities\apache-tomcat-10.1.20-windows-x64\apache-tomcat-10.1.20\webapps\host-manager] has finished in [44] ms
21-Apr-2024 18:38:31.194 INFO [main] org.apache.catalina.startup.HostConfig.deployDirectory Deploying web application directory [C:\Users\MewMew\Software\Facilities\apache-tomcat-10.1.20-windows-x64\apache-tomcat-10.1.20\webapps\manager]
21-Apr-2024 18:38:31.224 INFO [main] org.apache.catalina.startup.HostConfig.deployDirectory Deployment of web application directory [C:\Users\MewMew\Software\Facilities\apache-tomcat-10.1.20-windows-x64\apache-tomcat-10.1.20\webapps\manager] has finished in [30] ms
21-Apr-2024 18:38:31.224 INFO [main] org.apache.catalina.startup.HostConfig.deployDirectory Deploying web application directory [C:\Users\MewMew\Software\Facilities\apache-tomcat-10.1.20-windows-x64\apache-tomcat-10.1.20\webapps\ROOT]
21-Apr-2024 18:38:31.234 INFO [main] org.apache.catalina.startup.HostConfig.deployDirectory Deployment of web application directory [C:\Users\MewMew\Software\Facilities\apache-tomcat-10.1.20-windows-x64\apache-tomcat-10.1.20\webapps\ROOT] has finished in [10] ms
21-Apr-2024 18:38:31.234 INFO [main] org.apache.coyote.AbstractProtocol.start Starting ProtocolHandler ["http-nio-80"]
21-Apr-2024 18:38:31.270 INFO [main] org.apache.catalina.startup.Catalina.start Server startup in [798] milliseconds
21-Apr-2024 19:17:33.867 INFO [Catalina-utility-2] org.apache.catalina.startup.HostConfig.deployWAR Deploying web application archive [C:\Users\MewMew\Software\Facilities\apache-tomcat-10.1.20-windows-x64\apache-tomcat-10.1.20\webapps\tomcatDemo.war]
21-Apr-2024 19:17:33.915 INFO [Catalina-utility-2] org.apache.catalina.startup.HostConfig.deployWAR Deployment of web application archive [C:\Users\MewMew\Software\Facilities\apache-tomcat-10.1.20-windows-x64\apache-tomcat-10.1.20\webapps\tomcatDemo.war] has finished in [49] ms
21-Apr-2024 19:17:50.774 INFO [main] org.apache.catalina.core.StandardServer.await A valid shutdown command was received via the shutdown port. Stopping the Server instance.
21-Apr-2024 19:17:50.775 INFO [main] org.apache.coyote.AbstractProtocol.pause Pausing ProtocolHandler ["http-nio-80"]
21-Apr-2024 19:17:50.780 INFO [main] org.apache.catalina.core.StandardService.stopInternal Stopping service [Catalina]
21-Apr-2024 19:17:50.801 INFO [main] org.apache.coyote.AbstractProtocol.stop Stopping ProtocolHandler ["http-nio-80"]
21-Apr-2024 19:17:50.807 INFO [main] org.apache.coyote.AbstractProtocol.destroy Destroying ProtocolHandler ["http-nio-80"]
21-Apr-2024 21:57:38.433 SEVERE [main] org.apache.catalina.startup.Catalina.stopServer Could not contact [localhost:8005] (base port [8005] and offset [0]). Tomcat may not be running.
21-Apr-2024 21:57:38.433 SEVERE [main] org.apache.catalina.startup.Catalina.stopServer Error stopping Catalina
	java.net.ConnectException: Connection refused: connect
		at java.base/sun.nio.ch.Net.connect0(Native Method)
		at java.base/sun.nio.ch.Net.connect(Net.java:589)
		at java.base/sun.nio.ch.Net.connect(Net.java:578)
		at java.base/sun.nio.ch.NioSocketImpl.connect(NioSocketImpl.java:583)
		at java.base/java.net.SocksSocketImpl.connect(SocksSocketImpl.java:327)
		at java.base/java.net.Socket.connect(Socket.java:752)
		at java.base/java.net.Socket.connect(Socket.java:687)
		at java.base/java.net.Socket.<init>(Socket.java:556)
		at java.base/java.net.Socket.<init>(Socket.java:325)
		at org.apache.catalina.startup.Catalina.stopServer(Catalina.java:653)
		at java.base/jdk.internal.reflect.DirectMethodHandleAccessor.invoke(DirectMethodHandleAccessor.java:103)
		at java.base/java.lang.reflect.Method.invoke(Method.java:580)
		at org.apache.catalina.startup.Bootstrap.stopServer(Bootstrap.java:393)
		at org.apache.catalina.startup.Bootstrap.main(Bootstrap.java:478)
